2023-10-01 12:48:30,409 INFO  c.d.d.m.c.MsvcClientesApplicationTests [main] Starting MsvcClientesApplicationTests using Java 17.0.4.1 with PID 25260 (started by David in D:\Devsu\Test\msvc-devsu\msvc-clientes)
2023-10-01 12:48:30,441 INFO  c.d.d.m.c.MsvcClientesApplicationTests [main] No active profile set, falling back to 1 default profile: "default"
2023-10-01 12:48:36,336 INFO  c.d.d.m.c.MsvcClientesApplicationTests [main] Started MsvcClientesApplicationTests in 6.933 seconds (process running for 9.774)
2023-10-01 12:49:11,487 INFO  c.d.d.m.c.MsvcClientesApplicationTests [main] Starting MsvcClientesApplicationTests using Java 17.0.4.1 with PID 28444 (started by David in D:\Devsu\Test\msvc-devsu\msvc-clientes)
2023-10-01 12:49:11,509 INFO  c.d.d.m.c.MsvcClientesApplicationTests [main] No active profile set, falling back to 1 default profile: "default"
2023-10-01 12:49:17,641 INFO  c.d.d.m.c.MsvcClientesApplicationTests [main] Started MsvcClientesApplicationTests in 7.024 seconds (process running for 9.492)
2023-10-01 12:53:44,251 INFO  c.d.d.m.c.MsvcClientesApplicationTests [main] Starting MsvcClientesApplicationTests using Java 17.0.4.1 with PID 21684 (started by David in D:\Devsu\Test\msvc-devsu\msvc-clientes)
2023-10-01 12:53:44,278 INFO  c.d.d.m.c.MsvcClientesApplicationTests [main] No active profile set, falling back to 1 default profile: "default"
2023-10-01 12:53:50,188 INFO  c.d.d.m.c.MsvcClientesApplicationTests [main] Started MsvcClientesApplicationTests in 9.419 seconds (process running for 12.572)
2023-10-01 12:57:39,994 INFO  c.d.d.m.c.MsvcClientesApplicationTests [main] Starting MsvcClientesApplicationTests using Java 17.0.4.1 with PID 27804 (started by David in D:\Devsu\Test\msvc-devsu\msvc-clientes)
2023-10-01 12:57:40,022 INFO  c.d.d.m.c.MsvcClientesApplicationTests [main] No active profile set, falling back to 1 default profile: "default"
2023-10-01 12:57:47,786 INFO  c.d.d.m.c.MsvcClientesApplicationTests [main] Started MsvcClientesApplicationTests in 9.171 seconds (process running for 11.627)
2023-10-01 12:58:08,820 INFO  c.d.d.m.c.MsvcClientesApplication [main] Starting MsvcClientesApplication v0.0.1-SNAPSHOT using Java 17.0.4.1 with PID 15044 (D:\Devsu\Test\msvc-devsu\msvc-clientes\target\msvc-clientes-0.0.1-SNAPSHOT.jar started by David in D:\Devsu\Test\msvc-devsu\msvc-clientes)
2023-10-01 12:58:08,842 INFO  c.d.d.m.c.MsvcClientesApplication [main] No active profile set, falling back to 1 default profile: "default"
2023-10-01 12:58:18,730 INFO  c.d.d.m.c.MsvcClientesApplication [main] Started MsvcClientesApplication in 10.924 seconds (process running for 12.973)
2023-10-01 12:58:28,317 INFO  c.d.d.m.c.a.h.ClienteController [http-nio-8001-exec-3] Invocacion a método crearCliente...
2023-10-01 12:58:28,526 INFO  c.d.d.m.c.a.h.ClienteController [http-nio-8001-exec-3] Se envía a guardar cliente con nombre/identidicacion [Juan Carrasco/43704668]
2023-10-01 13:24:53,473 INFO  c.d.d.m.c.MsvcClientesApplication [main] Starting MsvcClientesApplication v0.0.1-SNAPSHOT using Java 17.0.4.1 with PID 24680 (D:\Devsu\Test\msvc-devsu\msvc-clientes\target\msvc-clientes-0.0.1-SNAPSHOT.jar started by David in D:\Devsu\Test\msvc-devsu\msvc-clientes)
2023-10-01 13:24:53,504 INFO  c.d.d.m.c.MsvcClientesApplication [main] No active profile set, falling back to 1 default profile: "default"
2023-10-01 13:25:02,996 INFO  c.d.d.m.c.MsvcClientesApplication [main] Started MsvcClientesApplication in 10.534 seconds (process running for 12.165)
2023-10-01 13:25:36,378 INFO  c.d.d.m.c.a.h.ClienteController [http-nio-8001-exec-1] Invocacion a método crearCliente...
2023-10-01 13:25:36,578 INFO  c.d.d.m.c.a.h.ClienteController [http-nio-8001-exec-1] Se envía a guardar cliente con nombre/identidicacion [Angel Reyes/43768048]
2023-10-01 13:25:37,228 INFO  c.d.d.m.c.a.h.ClienteController [http-nio-8001-exec-2] Invocacion a método detalleCliente...
2023-10-01 13:25:37,229 INFO  c.d.d.m.c.a.h.ClienteController [http-nio-8001-exec-2] Se realiza la búsqueda por id [25]
2023-10-01 13:25:37,254 INFO  c.d.d.m.c.a.h.ClienteController [http-nio-8001-exec-2] Devolviendo Ok con idCliente [25]
2023-10-01 13:25:37,417 INFO  c.d.d.m.c.a.h.ClienteController [http-nio-8001-exec-3] Invocacion a método eliminarCliente...
2023-10-01 13:25:37,444 INFO  c.d.d.m.c.a.h.ClienteController [http-nio-8001-exec-3] Cliente con idCliente [25] eliminado
2023-10-01 13:26:20,565 INFO  c.d.d.m.c.a.h.ClienteController [http-nio-8001-exec-5] Invocacion a método crearCliente...
2023-10-01 13:26:20,573 INFO  c.d.d.m.c.a.h.ClienteController [http-nio-8001-exec-5] Se envía a guardar cliente con nombre/identidicacion [Angel Reyes/43768048]
2023-10-01 13:26:21,235 INFO  c.d.d.m.c.a.h.ClienteController [http-nio-8001-exec-6] Invocacion a método detalleCliente...
2023-10-01 13:26:21,235 INFO  c.d.d.m.c.a.h.ClienteController [http-nio-8001-exec-6] Se realiza la búsqueda por id [26]
2023-10-01 13:26:21,243 INFO  c.d.d.m.c.a.h.ClienteController [http-nio-8001-exec-6] Devolviendo Ok con idCliente [26]
2023-10-01 13:26:21,498 INFO  c.d.d.m.c.a.h.ClienteController [http-nio-8001-exec-7] Invocacion a método eliminarCliente...
2023-10-01 13:26:21,516 INFO  c.d.d.m.c.a.h.ClienteController [http-nio-8001-exec-7] Cliente con idCliente [26] eliminado
2023-10-01 13:28:41,804 INFO  c.d.d.m.c.a.h.ClienteController [http-nio-8001-exec-9] Invocacion a método crearCliente...
2023-10-01 13:28:41,811 INFO  c.d.d.m.c.a.h.ClienteController [http-nio-8001-exec-9] Se envía a guardar cliente con nombre/identidicacion [Angel Reyes/43768048]
2023-10-01 13:28:42,487 INFO  c.d.d.m.c.a.h.ClienteController [http-nio-8001-exec-10] Invocacion a método detalleCliente...
2023-10-01 13:28:42,487 INFO  c.d.d.m.c.a.h.ClienteController [http-nio-8001-exec-10] Se realiza la búsqueda por id [27]
2023-10-01 13:28:42,492 INFO  c.d.d.m.c.a.h.ClienteController [http-nio-8001-exec-10] Devolviendo Ok con idCliente [27]
2023-10-01 13:28:42,683 INFO  c.d.d.m.c.a.h.ClienteController [http-nio-8001-exec-1] Invocacion a método eliminarCliente...
2023-10-01 13:28:42,695 INFO  c.d.d.m.c.a.h.ClienteController [http-nio-8001-exec-1] Cliente con idCliente [27] eliminado
2023-10-01 13:33:12,052 INFO  c.d.d.m.c.a.h.ClienteController [http-nio-8001-exec-3] Invocacion a método crearCliente...
2023-10-01 13:33:12,062 INFO  c.d.d.m.c.a.h.ClienteController [http-nio-8001-exec-3] Se envía a guardar cliente con nombre/identidicacion [Angel Reyes/43768048]
2023-10-01 13:33:12,735 INFO  c.d.d.m.c.a.h.ClienteController [http-nio-8001-exec-4] Invocacion a método detalleCliente...
2023-10-01 13:33:12,735 INFO  c.d.d.m.c.a.h.ClienteController [http-nio-8001-exec-4] Se realiza la búsqueda por id [28]
2023-10-01 13:33:12,740 INFO  c.d.d.m.c.a.h.ClienteController [http-nio-8001-exec-4] Devolviendo Ok con idCliente [28]
2023-10-01 13:33:12,891 INFO  c.d.d.m.c.a.h.ClienteController [http-nio-8001-exec-5] Invocacion a método eliminarCliente...
2023-10-01 13:33:12,903 INFO  c.d.d.m.c.a.h.ClienteController [http-nio-8001-exec-5] Cliente con idCliente [28] eliminado
2023-10-01 13:33:38,480 INFO  c.d.d.m.c.a.h.ClienteController [http-nio-8001-exec-7] Invocacion a método crearCliente...
2023-10-01 13:33:38,486 INFO  c.d.d.m.c.a.h.ClienteController [http-nio-8001-exec-7] Se envía a guardar cliente con nombre/identidicacion [Angel Reyes/43768048]
2023-10-01 13:33:39,142 INFO  c.d.d.m.c.a.h.ClienteController [http-nio-8001-exec-8] Invocacion a método detalleCliente...
2023-10-01 13:33:39,143 INFO  c.d.d.m.c.a.h.ClienteController [http-nio-8001-exec-8] Se realiza la búsqueda por id [29]
2023-10-01 13:33:39,149 INFO  c.d.d.m.c.a.h.ClienteController [http-nio-8001-exec-8] Devolviendo Ok con idCliente [29]
2023-10-01 13:33:39,416 INFO  c.d.d.m.c.a.h.ClienteController [http-nio-8001-exec-9] Invocacion a método eliminarCliente...
2023-10-01 13:33:39,429 INFO  c.d.d.m.c.a.h.ClienteController [http-nio-8001-exec-9] Cliente con idCliente [29] eliminado
2023-10-01 13:50:18,022 INFO  c.d.d.m.c.a.h.ClienteController [http-nio-8001-exec-1] Invocacion a método detalleCliente...
2023-10-01 13:50:18,022 INFO  c.d.d.m.c.a.h.ClienteController [http-nio-8001-exec-1] Se realiza la búsqueda por id [1]
2023-10-01 13:50:18,029 INFO  c.d.d.m.c.a.h.ClienteController [http-nio-8001-exec-1] Devolviendo Ok con idCliente [1]
2023-10-01 14:05:00,683 INFO  c.d.d.m.c.a.h.ClienteController [http-nio-8001-exec-3] Invocacion a método crearCliente...
2023-10-01 14:05:00,692 INFO  c.d.d.m.c.a.h.ClienteController [http-nio-8001-exec-3] Se envía a guardar cliente con nombre/identidicacion [Angel Reyes/43768048]
2023-10-01 14:05:01,415 INFO  c.d.d.m.c.a.h.ClienteController [http-nio-8001-exec-4] Invocacion a método detalleCliente...
2023-10-01 14:05:01,415 INFO  c.d.d.m.c.a.h.ClienteController [http-nio-8001-exec-4] Se realiza la búsqueda por id [30]
2023-10-01 14:05:01,419 INFO  c.d.d.m.c.a.h.ClienteController [http-nio-8001-exec-4] Devolviendo Ok con idCliente [30]
2023-10-01 14:05:01,624 INFO  c.d.d.m.c.a.h.ClienteController [http-nio-8001-exec-5] Invocacion a método eliminarCliente...
2023-10-01 14:05:01,635 INFO  c.d.d.m.c.a.h.ClienteController [http-nio-8001-exec-5] Cliente con idCliente [30] eliminado
2023-10-01 14:05:34,272 INFO  c.d.d.m.c.a.h.ClienteController [http-nio-8001-exec-7] Invocacion a método crearCliente...
2023-10-01 14:05:34,279 INFO  c.d.d.m.c.a.h.ClienteController [http-nio-8001-exec-7] Se envía a guardar cliente con nombre/identidicacion [Angel Reyes/43768048]
2023-10-01 14:05:34,949 INFO  c.d.d.m.c.a.h.ClienteController [http-nio-8001-exec-8] Invocacion a método detalleCliente...
2023-10-01 14:05:34,950 INFO  c.d.d.m.c.a.h.ClienteController [http-nio-8001-exec-8] Se realiza la búsqueda por id [31]
2023-10-01 14:05:34,954 INFO  c.d.d.m.c.a.h.ClienteController [http-nio-8001-exec-8] Devolviendo Ok con idCliente [31]
2023-10-01 14:05:35,138 INFO  c.d.d.m.c.a.h.ClienteController [http-nio-8001-exec-9] Invocacion a método eliminarCliente...
2023-10-01 14:05:35,149 INFO  c.d.d.m.c.a.h.ClienteController [http-nio-8001-exec-9] Cliente con idCliente [31] eliminado
2023-10-01 14:06:07,755 INFO  c.d.d.m.c.a.h.ClienteController [http-nio-8001-exec-1] Invocacion a método crearCliente...
2023-10-01 14:06:07,760 INFO  c.d.d.m.c.a.h.ClienteController [http-nio-8001-exec-1] Se envía a guardar cliente con nombre/identidicacion [Angel Reyes/43768048]
2023-10-01 14:06:08,424 INFO  c.d.d.m.c.a.h.ClienteController [http-nio-8001-exec-2] Invocacion a método detalleCliente...
2023-10-01 14:06:08,424 INFO  c.d.d.m.c.a.h.ClienteController [http-nio-8001-exec-2] Se realiza la búsqueda por id [32]
2023-10-01 14:06:08,431 INFO  c.d.d.m.c.a.h.ClienteController [http-nio-8001-exec-2] Devolviendo Ok con idCliente [32]
2023-10-01 14:06:08,612 INFO  c.d.d.m.c.a.h.ClienteController [http-nio-8001-exec-3] Invocacion a método eliminarCliente...
2023-10-01 14:06:08,625 INFO  c.d.d.m.c.a.h.ClienteController [http-nio-8001-exec-3] Cliente con idCliente [32] eliminado
2023-10-01 14:06:50,055 INFO  c.d.d.m.c.a.h.ClienteController [http-nio-8001-exec-5] Invocacion a método crearCliente...
2023-10-01 14:06:50,073 INFO  c.d.d.m.c.a.h.ClienteController [http-nio-8001-exec-5] Se envía a guardar cliente con nombre/identidicacion [Angel Reyes/43768048]
2023-10-01 14:06:50,959 INFO  c.d.d.m.c.a.h.ClienteController [http-nio-8001-exec-6] Invocacion a método detalleCliente...
2023-10-01 14:06:50,960 INFO  c.d.d.m.c.a.h.ClienteController [http-nio-8001-exec-6] Se realiza la búsqueda por id [33]
2023-10-01 14:06:50,965 INFO  c.d.d.m.c.a.h.ClienteController [http-nio-8001-exec-6] Devolviendo Ok con idCliente [33]
2023-10-01 14:06:51,190 INFO  c.d.d.m.c.a.h.ClienteController [http-nio-8001-exec-7] Invocacion a método eliminarCliente...
2023-10-01 14:06:51,206 INFO  c.d.d.m.c.a.h.ClienteController [http-nio-8001-exec-7] Cliente con idCliente [33] eliminado
