2023-10-01 17:30:31,177 INFO  c.d.d.m.c.MsvcCuentasApplication [restartedMain] Starting MsvcCuentasApplication using Java 17.0.4.1 with PID 26956 (D:\Devsu\Test\msvc-devsu\msvc-cuentas\target\classes started by David in D:\Devsu\Test\msvc-devsu)
2023-10-01 17:30:31,189 INFO  c.d.d.m.c.MsvcCuentasApplication [restartedMain] No active profile set, falling back to 1 default profile: "default"
2023-10-01 17:30:37,036 INFO  c.d.d.m.c.MsvcCuentasApplication [restartedMain] Started MsvcCuentasApplication in 6.645 seconds (process running for 8.508)
2023-10-01 17:52:11,967 INFO  c.d.d.m.c.a.h.CuentaController [http-nio-8002-exec-1] Invocación a crearCuenta() con numeroCuenta[125689]...
2023-10-01 17:53:00,835 INFO  c.d.d.m.c.MsvcCuentasApplication [restartedMain] Starting MsvcCuentasApplication using Java 17.0.4.1 with PID 26956 (D:\Devsu\Test\msvc-devsu\msvc-cuentas\target\classes started by David in D:\Devsu\Test\msvc-devsu)
2023-10-01 17:53:00,836 INFO  c.d.d.m.c.MsvcCuentasApplication [restartedMain] No active profile set, falling back to 1 default profile: "default"
2023-10-01 17:53:02,046 ERROR o.s.b.d.LoggingFailureAnalysisReporter [restartedMain] 

***************************
APPLICATION FAILED TO START
***************************

Description:

Constructor in com.devsu.dcifuentes.msvc.cuentas.adapters.http.CuentaController required a bean of type 'com.devsu.dcifuentes.msvc.cuentas.application.ports.CuentaUseCase' that could not be found.


Action:

Consider defining a bean of type 'com.devsu.dcifuentes.msvc.cuentas.application.ports.CuentaUseCase' in your configuration.

2023-10-01 17:53:04,073 INFO  c.d.d.m.c.MsvcCuentasApplication [restartedMain] Starting MsvcCuentasApplication using Java 17.0.4.1 with PID 26956 (D:\Devsu\Test\msvc-devsu\msvc-cuentas\target\classes started by David in D:\Devsu\Test\msvc-devsu)
2023-10-01 17:53:04,074 INFO  c.d.d.m.c.MsvcCuentasApplication [restartedMain] No active profile set, falling back to 1 default profile: "default"
2023-10-01 17:53:06,620 INFO  c.d.d.m.c.MsvcCuentasApplication [restartedMain] Started MsvcCuentasApplication in 3.13 seconds (process running for 1358.093)
2023-10-01 17:55:01,273 INFO  c.d.d.m.c.a.h.CuentaController [http-nio-8002-exec-1] Invocación a crearCuenta() con numeroCuenta[125670]...
2023-10-01 17:58:55,428 INFO  c.d.d.m.c.MsvcCuentasApplication [restartedMain] Starting MsvcCuentasApplication using Java 17.0.4.1 with PID 26956 (D:\Devsu\Test\msvc-devsu\msvc-cuentas\target\classes started by David in D:\Devsu\Test\msvc-devsu)
2023-10-01 17:58:55,429 INFO  c.d.d.m.c.MsvcCuentasApplication [restartedMain] No active profile set, falling back to 1 default profile: "default"
2023-10-01 17:58:56,453 ERROR o.s.b.d.LoggingFailureAnalysisReporter [restartedMain] 

***************************
APPLICATION FAILED TO START
***************************

Description:

Constructor in com.devsu.dcifuentes.msvc.cuentas.adapters.http.CuentaController required a bean of type 'com.devsu.dcifuentes.msvc.cuentas.application.ports.CuentaUseCase' that could not be found.


Action:

Consider defining a bean of type 'com.devsu.dcifuentes.msvc.cuentas.application.ports.CuentaUseCase' in your configuration.

2023-10-01 17:58:58,219 INFO  c.d.d.m.c.MsvcCuentasApplication [restartedMain] Starting MsvcCuentasApplication using Java 17.0.4.1 with PID 26956 (D:\Devsu\Test\msvc-devsu\msvc-cuentas\target\classes started by David in D:\Devsu\Test\msvc-devsu)
2023-10-01 17:58:58,219 INFO  c.d.d.m.c.MsvcCuentasApplication [restartedMain] No active profile set, falling back to 1 default profile: "default"
2023-10-01 17:58:59,714 INFO  c.d.d.m.c.MsvcCuentasApplication [restartedMain] Started MsvcCuentasApplication in 1.834 seconds (process running for 1711.187)
2023-10-01 17:59:58,247 INFO  c.d.d.m.c.MsvcCuentasApplication [restartedMain] Starting MsvcCuentasApplication using Java 17.0.4.1 with PID 26956 (D:\Devsu\Test\msvc-devsu\msvc-cuentas\target\classes started by David in D:\Devsu\Test\msvc-devsu)
2023-10-01 17:59:58,247 INFO  c.d.d.m.c.MsvcCuentasApplication [restartedMain] No active profile set, falling back to 1 default profile: "default"
2023-10-01 17:59:59,352 ERROR o.s.b.d.LoggingFailureAnalysisReporter [restartedMain] 

***************************
APPLICATION FAILED TO START
***************************

Description:

Constructor in com.devsu.dcifuentes.msvc.cuentas.adapters.http.CuentaController required a bean of type 'com.devsu.dcifuentes.msvc.cuentas.application.ports.CuentaUseCase' that could not be found.


Action:

Consider defining a bean of type 'com.devsu.dcifuentes.msvc.cuentas.application.ports.CuentaUseCase' in your configuration.

2023-10-01 18:00:20,679 INFO  c.d.d.m.c.MsvcCuentasApplication [restartedMain] Starting MsvcCuentasApplication using Java 17.0.4.1 with PID 26956 (D:\Devsu\Test\msvc-devsu\msvc-cuentas\target\classes started by David in D:\Devsu\Test\msvc-devsu)
2023-10-01 18:00:20,680 INFO  c.d.d.m.c.MsvcCuentasApplication [restartedMain] No active profile set, falling back to 1 default profile: "default"
2023-10-01 18:00:23,053 INFO  c.d.d.m.c.MsvcCuentasApplication [restartedMain] Started MsvcCuentasApplication in 2.928 seconds (process running for 1794.525)
2023-10-01 18:06:49,773 INFO  c.d.d.m.c.a.h.CuentaController [http-nio-8002-exec-1] Invocación a crearCuenta() con numeroCuenta[125670]...
2023-10-01 18:06:49,779 INFO  c.d.d.m.c.a.h.CuentaController [http-nio-8002-exec-1] Enviando a crear cuenta con numeroCuenta:125670
